<?xml version="1.0" encoding="UTF-8"?>
<testsuite xmlns:xsi="http://www.w3.org/2001/XMLSchema-instance" xsi:noNamespaceSchemaLocation="https://maven.apache.org/surefire/maven-surefire-plugin/xsd/surefire-test-report-3.0.xsd" version="3.0" name="TestSuite" time="29.537" tests="15" errors="0" skipped="3" failures="1">
  <properties>
    <property name="sun.desktop" value="windows"/>
    <property name="awt.toolkit" value="sun.awt.windows.WToolkit"/>
    <property name="file.encoding.pkg" value="sun.io"/>
    <property name="java.specification.version" value="1.8"/>
    <property name="sun.cpu.isalist" value="amd64"/>
    <property name="sun.jnu.encoding" value="Cp1252"/>
    <property name="java.class.path" value="D:\Selenium Prerequesties\Workspace\target\test-classes;D:\Selenium Prerequesties\Workspace\target\classes;C:\Users\Rajat.Gupta2\.m2\repository\io\github\bonigarcia\webdrivermanager\3.7.1\webdrivermanager-3.7.1.jar;C:\Users\Rajat.Gupta2\.m2\repository\org\slf4j\slf4j-api\1.7.25\slf4j-api-1.7.25.jar;C:\Users\Rajat.Gupta2\.m2\repository\commons-io\commons-io\2.6\commons-io-2.6.jar;C:\Users\Rajat.Gupta2\.m2\repository\com\google\code\gson\gson\2.8.5\gson-2.8.5.jar;C:\Users\Rajat.Gupta2\.m2\repository\org\apache\commons\commons-lang3\3.8.1\commons-lang3-3.8.1.jar;C:\Users\Rajat.Gupta2\.m2\repository\org\apache\httpcomponents\httpclient\4.5.6\httpclient-4.5.6.jar;C:\Users\Rajat.Gupta2\.m2\repository\org\apache\httpcomponents\httpcore\4.4.10\httpcore-4.4.10.jar;C:\Users\Rajat.Gupta2\.m2\repository\commons-codec\commons-codec\1.10\commons-codec-1.10.jar;C:\Users\Rajat.Gupta2\.m2\repository\org\rauschig\jarchivelib\1.0.0\jarchivelib-1.0.0.jar;C:\Users\Rajat.Gupta2\.m2\repository\org\apache\commons\commons-compress\1.18\commons-compress-1.18.jar;C:\Users\Rajat.Gupta2\.m2\repository\org\jsoup\jsoup\1.11.3\jsoup-1.11.3.jar;C:\Users\Rajat.Gupta2\.m2\repository\com\aventstack\extentreports\3.1.5\extentreports-3.1.5.jar;C:\Users\Rajat.Gupta2\.m2\repository\org\freemarker\freemarker\2.3.23\freemarker-2.3.23.jar;C:\Users\Rajat.Gupta2\.m2\repository\org\mongodb\mongodb-driver\3.3.0\mongodb-driver-3.3.0.jar;C:\Users\Rajat.Gupta2\.m2\repository\org\mongodb\bson\3.3.0\bson-3.3.0.jar;C:\Users\Rajat.Gupta2\.m2\repository\org\mongodb\mongodb-driver-core\3.3.0\mongodb-driver-core-3.3.0.jar;C:\Users\Rajat.Gupta2\.m2\repository\org\apache\httpcomponents\httpmime\4.5.2\httpmime-4.5.2.jar;C:\Users\Rajat.Gupta2\.m2\repository\org\seleniumhq\selenium\selenium-java\3.141.59\selenium-java-3.141.59.jar;C:\Users\Rajat.Gupta2\.m2\repository\org\seleniumhq\selenium\selenium-api\3.141.59\selenium-api-3.141.59.jar;C:\Users\Rajat.Gupta2\.m2\repository\org\seleniumhq\selenium\selenium-chrome-driver\3.141.59\selenium-chrome-driver-3.141.59.jar;C:\Users\Rajat.Gupta2\.m2\repository\org\seleniumhq\selenium\selenium-edge-driver\3.141.59\selenium-edge-driver-3.141.59.jar;C:\Users\Rajat.Gupta2\.m2\repository\org\seleniumhq\selenium\selenium-firefox-driver\3.141.59\selenium-firefox-driver-3.141.59.jar;C:\Users\Rajat.Gupta2\.m2\repository\org\seleniumhq\selenium\selenium-ie-driver\3.141.59\selenium-ie-driver-3.141.59.jar;C:\Users\Rajat.Gupta2\.m2\repository\org\seleniumhq\selenium\selenium-opera-driver\3.141.59\selenium-opera-driver-3.141.59.jar;C:\Users\Rajat.Gupta2\.m2\repository\org\seleniumhq\selenium\selenium-remote-driver\3.141.59\selenium-remote-driver-3.141.59.jar;C:\Users\Rajat.Gupta2\.m2\repository\org\seleniumhq\selenium\selenium-safari-driver\3.141.59\selenium-safari-driver-3.141.59.jar;C:\Users\Rajat.Gupta2\.m2\repository\org\seleniumhq\selenium\selenium-support\3.141.59\selenium-support-3.141.59.jar;C:\Users\Rajat.Gupta2\.m2\repository\net\bytebuddy\byte-buddy\1.8.15\byte-buddy-1.8.15.jar;C:\Users\Rajat.Gupta2\.m2\repository\org\apache\commons\commons-exec\1.3\commons-exec-1.3.jar;C:\Users\Rajat.Gupta2\.m2\repository\com\google\guava\guava\25.0-jre\guava-25.0-jre.jar;C:\Users\Rajat.Gupta2\.m2\repository\com\google\code\findbugs\jsr305\1.3.9\jsr305-1.3.9.jar;C:\Users\Rajat.Gupta2\.m2\repository\org\checkerframework\checker-compat-qual\2.0.0\checker-compat-qual-2.0.0.jar;C:\Users\Rajat.Gupta2\.m2\repository\com\google\errorprone\error_prone_annotations\2.1.3\error_prone_annotations-2.1.3.jar;C:\Users\Rajat.Gupta2\.m2\repository\com\google\j2objc\j2objc-annotations\1.1\j2objc-annotations-1.1.jar;C:\Users\Rajat.Gupta2\.m2\repository\org\codehaus\mojo\animal-sniffer-annotations\1.14\animal-sniffer-annotations-1.14.jar;C:\Users\Rajat.Gupta2\.m2\repository\com\squareup\okhttp3\okhttp\3.11.0\okhttp-3.11.0.jar;C:\Users\Rajat.Gupta2\.m2\repository\com\squareup\okio\okio\1.14.0\okio-1.14.0.jar;C:\Users\Rajat.Gupta2\.m2\repository\org\uncommons\reportng\1.1.4\reportng-1.1.4.jar;C:\Users\Rajat.Gupta2\.m2\repository\velocity\velocity\1.4\velocity-1.4.jar;C:\Users\Rajat.Gupta2\.m2\repository\velocity\velocity-dep\1.4\velocity-dep-1.4.jar;C:\Users\Rajat.Gupta2\.m2\repository\com\google\inject\guice\4.2.2\guice-4.2.2.jar;C:\Users\Rajat.Gupta2\.m2\repository\javax\inject\javax.inject\1\javax.inject-1.jar;C:\Users\Rajat.Gupta2\.m2\repository\aopalliance\aopalliance\1.0\aopalliance-1.0.jar;C:\Users\Rajat.Gupta2\.m2\repository\javax\mail\mail\1.4.7\mail-1.4.7.jar;C:\Users\Rajat.Gupta2\.m2\repository\javax\activation\activation\1.1\activation-1.1.jar;C:\Users\Rajat.Gupta2\.m2\repository\log4j\log4j\1.2.17\log4j-1.2.17.jar;C:\Users\Rajat.Gupta2\.m2\repository\org\apache\poi\poi\3.6\poi-3.6.jar;C:\Users\Rajat.Gupta2\.m2\repository\commons-logging\commons-logging\1.1\commons-logging-1.1.jar;C:\Users\Rajat.Gupta2\.m2\repository\logkit\logkit\1.0.1\logkit-1.0.1.jar;C:\Users\Rajat.Gupta2\.m2\repository\avalon-framework\avalon-framework\4.1.3\avalon-framework-4.1.3.jar;C:\Users\Rajat.Gupta2\.m2\repository\javax\servlet\servlet-api\2.3\servlet-api-2.3.jar;C:\Users\Rajat.Gupta2\.m2\repository\org\apache\poi\poi-ooxml\3.6\poi-ooxml-3.6.jar;C:\Users\Rajat.Gupta2\.m2\repository\dom4j\dom4j\1.1\dom4j-1.1.jar;C:\Users\Rajat.Gupta2\.m2\repository\org\apache\xmlbeans\xmlbeans\2.6.0\xmlbeans-2.6.0.jar;C:\Users\Rajat.Gupta2\.m2\repository\stax\stax-api\1.0.1\stax-api-1.0.1.jar;C:\Users\Rajat.Gupta2\.m2\repository\org\apache\poi\poi-ooxml-schemas\3.6\poi-ooxml-schemas-3.6.jar;C:\Users\Rajat.Gupta2\.m2\repository\org\apache\geronimo\specs\geronimo-stax-api_1.0_spec\1.0\geronimo-stax-api_1.0_spec-1.0.jar;C:\Users\Rajat.Gupta2\.m2\repository\org\testng\testng\6.8.3\testng-6.8.3.jar;C:\Users\Rajat.Gupta2\.m2\repository\junit\junit\4.10\junit-4.10.jar;C:\Users\Rajat.Gupta2\.m2\repository\org\hamcrest\hamcrest-core\1.1\hamcrest-core-1.1.jar;C:\Users\Rajat.Gupta2\.m2\repository\org\beanshell\bsh\2.0b4\bsh-2.0b4.jar;C:\Users\Rajat.Gupta2\.m2\repository\com\beust\jcommander\1.27\jcommander-1.27.jar;C:\Users\Rajat.Gupta2\.m2\repository\org\yaml\snakeyaml\1.6\snakeyaml-1.6.jar;"/>
    <property name="java.vm.vendor" value="Oracle Corporation"/>
    <property name="sun.arch.data.model" value="64"/>
    <property name="user.variant" value=""/>
    <property name="java.vendor.url" value="http://java.oracle.com/"/>
    <property name="user.timezone" value="Asia/Calcutta"/>
    <property name="java.vm.specification.version" value="1.8"/>
    <property name="os.name" value="Windows 10"/>
    <property name="user.country" value="IN"/>
    <property name="sun.java.launcher" value="SUN_STANDARD"/>
    <property name="sun.boot.library.path" value="C:\Program Files\Java\jdk1.8.0_191\jre\bin"/>
    <property name="sun.java.command" value="C:\Users\Rajat.Gupta2\AppData\Local\Temp\surefire6587064150077499743\surefirebooter2835397819075544871.jar C:\Users\Rajat.Gupta2\AppData\Local\Temp\surefire6587064150077499743 2020-01-27T23-41-27_353-jvmRun1 surefire8772958460245735235tmp surefire_0745163291668007018tmp"/>
    <property name="surefire.test.class.path" value="D:\Selenium Prerequesties\Workspace\target\test-classes;D:\Selenium Prerequesties\Workspace\target\classes;C:\Users\Rajat.Gupta2\.m2\repository\io\github\bonigarcia\webdrivermanager\3.7.1\webdrivermanager-3.7.1.jar;C:\Users\Rajat.Gupta2\.m2\repository\org\slf4j\slf4j-api\1.7.25\slf4j-api-1.7.25.jar;C:\Users\Rajat.Gupta2\.m2\repository\commons-io\commons-io\2.6\commons-io-2.6.jar;C:\Users\Rajat.Gupta2\.m2\repository\com\google\code\gson\gson\2.8.5\gson-2.8.5.jar;C:\Users\Rajat.Gupta2\.m2\repository\org\apache\commons\commons-lang3\3.8.1\commons-lang3-3.8.1.jar;C:\Users\Rajat.Gupta2\.m2\repository\org\apache\httpcomponents\httpclient\4.5.6\httpclient-4.5.6.jar;C:\Users\Rajat.Gupta2\.m2\repository\org\apache\httpcomponents\httpcore\4.4.10\httpcore-4.4.10.jar;C:\Users\Rajat.Gupta2\.m2\repository\commons-codec\commons-codec\1.10\commons-codec-1.10.jar;C:\Users\Rajat.Gupta2\.m2\repository\org\rauschig\jarchivelib\1.0.0\jarchivelib-1.0.0.jar;C:\Users\Rajat.Gupta2\.m2\repository\org\apache\commons\commons-compress\1.18\commons-compress-1.18.jar;C:\Users\Rajat.Gupta2\.m2\repository\org\jsoup\jsoup\1.11.3\jsoup-1.11.3.jar;C:\Users\Rajat.Gupta2\.m2\repository\com\aventstack\extentreports\3.1.5\extentreports-3.1.5.jar;C:\Users\Rajat.Gupta2\.m2\repository\org\freemarker\freemarker\2.3.23\freemarker-2.3.23.jar;C:\Users\Rajat.Gupta2\.m2\repository\org\mongodb\mongodb-driver\3.3.0\mongodb-driver-3.3.0.jar;C:\Users\Rajat.Gupta2\.m2\repository\org\mongodb\bson\3.3.0\bson-3.3.0.jar;C:\Users\Rajat.Gupta2\.m2\repository\org\mongodb\mongodb-driver-core\3.3.0\mongodb-driver-core-3.3.0.jar;C:\Users\Rajat.Gupta2\.m2\repository\org\apache\httpcomponents\httpmime\4.5.2\httpmime-4.5.2.jar;C:\Users\Rajat.Gupta2\.m2\repository\org\seleniumhq\selenium\selenium-java\3.141.59\selenium-java-3.141.59.jar;C:\Users\Rajat.Gupta2\.m2\repository\org\seleniumhq\selenium\selenium-api\3.141.59\selenium-api-3.141.59.jar;C:\Users\Rajat.Gupta2\.m2\repository\org\seleniumhq\selenium\selenium-chrome-driver\3.141.59\selenium-chrome-driver-3.141.59.jar;C:\Users\Rajat.Gupta2\.m2\repository\org\seleniumhq\selenium\selenium-edge-driver\3.141.59\selenium-edge-driver-3.141.59.jar;C:\Users\Rajat.Gupta2\.m2\repository\org\seleniumhq\selenium\selenium-firefox-driver\3.141.59\selenium-firefox-driver-3.141.59.jar;C:\Users\Rajat.Gupta2\.m2\repository\org\seleniumhq\selenium\selenium-ie-driver\3.141.59\selenium-ie-driver-3.141.59.jar;C:\Users\Rajat.Gupta2\.m2\repository\org\seleniumhq\selenium\selenium-opera-driver\3.141.59\selenium-opera-driver-3.141.59.jar;C:\Users\Rajat.Gupta2\.m2\repository\org\seleniumhq\selenium\selenium-remote-driver\3.141.59\selenium-remote-driver-3.141.59.jar;C:\Users\Rajat.Gupta2\.m2\repository\org\seleniumhq\selenium\selenium-safari-driver\3.141.59\selenium-safari-driver-3.141.59.jar;C:\Users\Rajat.Gupta2\.m2\repository\org\seleniumhq\selenium\selenium-support\3.141.59\selenium-support-3.141.59.jar;C:\Users\Rajat.Gupta2\.m2\repository\net\bytebuddy\byte-buddy\1.8.15\byte-buddy-1.8.15.jar;C:\Users\Rajat.Gupta2\.m2\repository\org\apache\commons\commons-exec\1.3\commons-exec-1.3.jar;C:\Users\Rajat.Gupta2\.m2\repository\com\google\guava\guava\25.0-jre\guava-25.0-jre.jar;C:\Users\Rajat.Gupta2\.m2\repository\com\google\code\findbugs\jsr305\1.3.9\jsr305-1.3.9.jar;C:\Users\Rajat.Gupta2\.m2\repository\org\checkerframework\checker-compat-qual\2.0.0\checker-compat-qual-2.0.0.jar;C:\Users\Rajat.Gupta2\.m2\repository\com\google\errorprone\error_prone_annotations\2.1.3\error_prone_annotations-2.1.3.jar;C:\Users\Rajat.Gupta2\.m2\repository\com\google\j2objc\j2objc-annotations\1.1\j2objc-annotations-1.1.jar;C:\Users\Rajat.Gupta2\.m2\repository\org\codehaus\mojo\animal-sniffer-annotations\1.14\animal-sniffer-annotations-1.14.jar;C:\Users\Rajat.Gupta2\.m2\repository\com\squareup\okhttp3\okhttp\3.11.0\okhttp-3.11.0.jar;C:\Users\Rajat.Gupta2\.m2\repository\com\squareup\okio\okio\1.14.0\okio-1.14.0.jar;C:\Users\Rajat.Gupta2\.m2\repository\org\uncommons\reportng\1.1.4\reportng-1.1.4.jar;C:\Users\Rajat.Gupta2\.m2\repository\velocity\velocity\1.4\velocity-1.4.jar;C:\Users\Rajat.Gupta2\.m2\repository\velocity\velocity-dep\1.4\velocity-dep-1.4.jar;C:\Users\Rajat.Gupta2\.m2\repository\com\google\inject\guice\4.2.2\guice-4.2.2.jar;C:\Users\Rajat.Gupta2\.m2\repository\javax\inject\javax.inject\1\javax.inject-1.jar;C:\Users\Rajat.Gupta2\.m2\repository\aopalliance\aopalliance\1.0\aopalliance-1.0.jar;C:\Users\Rajat.Gupta2\.m2\repository\javax\mail\mail\1.4.7\mail-1.4.7.jar;C:\Users\Rajat.Gupta2\.m2\repository\javax\activation\activation\1.1\activation-1.1.jar;C:\Users\Rajat.Gupta2\.m2\repository\log4j\log4j\1.2.17\log4j-1.2.17.jar;C:\Users\Rajat.Gupta2\.m2\repository\org\apache\poi\poi\3.6\poi-3.6.jar;C:\Users\Rajat.Gupta2\.m2\repository\commons-logging\commons-logging\1.1\commons-logging-1.1.jar;C:\Users\Rajat.Gupta2\.m2\repository\logkit\logkit\1.0.1\logkit-1.0.1.jar;C:\Users\Rajat.Gupta2\.m2\repository\avalon-framework\avalon-framework\4.1.3\avalon-framework-4.1.3.jar;C:\Users\Rajat.Gupta2\.m2\repository\javax\servlet\servlet-api\2.3\servlet-api-2.3.jar;C:\Users\Rajat.Gupta2\.m2\repository\org\apache\poi\poi-ooxml\3.6\poi-ooxml-3.6.jar;C:\Users\Rajat.Gupta2\.m2\repository\dom4j\dom4j\1.1\dom4j-1.1.jar;C:\Users\Rajat.Gupta2\.m2\repository\org\apache\xmlbeans\xmlbeans\2.6.0\xmlbeans-2.6.0.jar;C:\Users\Rajat.Gupta2\.m2\repository\stax\stax-api\1.0.1\stax-api-1.0.1.jar;C:\Users\Rajat.Gupta2\.m2\repository\org\apache\poi\poi-ooxml-schemas\3.6\poi-ooxml-schemas-3.6.jar;C:\Users\Rajat.Gupta2\.m2\repository\org\apache\geronimo\specs\geronimo-stax-api_1.0_spec\1.0\geronimo-stax-api_1.0_spec-1.0.jar;C:\Users\Rajat.Gupta2\.m2\repository\org\testng\testng\6.8.3\testng-6.8.3.jar;C:\Users\Rajat.Gupta2\.m2\repository\junit\junit\4.10\junit-4.10.jar;C:\Users\Rajat.Gupta2\.m2\repository\org\hamcrest\hamcrest-core\1.1\hamcrest-core-1.1.jar;C:\Users\Rajat.Gupta2\.m2\repository\org\beanshell\bsh\2.0b4\bsh-2.0b4.jar;C:\Users\Rajat.Gupta2\.m2\repository\com\beust\jcommander\1.27\jcommander-1.27.jar;C:\Users\Rajat.Gupta2\.m2\repository\org\yaml\snakeyaml\1.6\snakeyaml-1.6.jar;"/>
    <property name="sun.cpu.endian" value="little"/>
    <property name="user.home" value="C:\Users\Rajat.Gupta2"/>
    <property name="user.language" value="en"/>
    <property name="java.specification.vendor" value="Oracle Corporation"/>
    <property name="java.home" value="C:\Program Files\Java\jdk1.8.0_191\jre"/>
    <property name="basedir" value="D:\Selenium Prerequesties\Workspace"/>
    <property name="file.separator" value="\"/>
    <property name="line.separator" value="&#10;"/>
    <property name="java.vm.specification.vendor" value="Oracle Corporation"/>
    <property name="java.specification.name" value="Java Platform API Specification"/>
    <property name="java.awt.graphicsenv" value="sun.awt.Win32GraphicsEnvironment"/>
    <property name="surefire.real.class.path" value="C:\Users\Rajat.Gupta2\AppData\Local\Temp\surefire6587064150077499743\surefirebooter2835397819075544871.jar"/>
    <property name="sun.boot.class.path" value="C:\Program Files\Java\jdk1.8.0_191\jre\lib\resources.jar;C:\Program Files\Java\jdk1.8.0_191\jre\lib\rt.jar;C:\Program Files\Java\jdk1.8.0_191\jre\lib\sunrsasign.jar;C:\Program Files\Java\jdk1.8.0_191\jre\lib\jsse.jar;C:\Program Files\Java\jdk1.8.0_191\jre\lib\jce.jar;C:\Program Files\Java\jdk1.8.0_191\jre\lib\charsets.jar;C:\Program Files\Java\jdk1.8.0_191\jre\lib\jfr.jar;C:\Program Files\Java\jdk1.8.0_191\jre\classes"/>
    <property name="user.script" value=""/>
    <property name="sun.management.compiler" value="HotSpot 64-Bit Tiered Compilers"/>
    <property name="java.runtime.version" value="1.8.0_191-b12"/>
    <property name="user.name" value="Rajat.Gupta2"/>
    <property name="path.separator" value=";"/>
    <property name="os.version" value="10.0"/>
    <property name="java.endorsed.dirs" value="C:\Program Files\Java\jdk1.8.0_191\jre\lib\endorsed"/>
    <property name="java.runtime.name" value="Java(TM) SE Runtime Environment"/>
    <property name="file.encoding" value="Cp1252"/>
    <property name="java.vm.name" value="Java HotSpot(TM) 64-Bit Server VM"/>
    <property name="localRepository" value="C:\Users\Rajat.Gupta2\.m2\repository"/>
    <property name="java.vendor.url.bug" value="http://bugreport.sun.com/bugreport/"/>
    <property name="java.io.tmpdir" value="C:\Users\RAJAT~1.GUP\AppData\Local\Temp\"/>
    <property name="java.version" value="1.8.0_191"/>
    <property name="user.dir" value="D:\Selenium Prerequesties\Workspace"/>
    <property name="os.arch" value="amd64"/>
    <property name="java.vm.specification.name" value="Java Virtual Machine Specification"/>
    <property name="java.awt.printerjob" value="sun.awt.windows.WPrinterJob"/>
    <property name="sun.os.patch.level" value=""/>
    <property name="java.library.path" value="C:\Program Files\Java\jdk1.8.0_191\jre\bin;C:\Windows\Sun\Java\bin;C:\Windows\system32;C:\Windows;C:\apache-maven-3.6.0/bin;C:\Program Files\Java\jdk1.8.0_191/bin;C:\Program Files\Java\jdk1.8.0_191/bin;C:\Program Files (x86)\Common Files\Oracle\Java\javapath;C:\Windows\system32;C:\Windows;C:\Windows\System32\Wbem;C:\Windows\System32\WindowsPowerShell\v1.0\;C:\Program Files\Java\jdk1.8.0_191\bin;C:\Program Files\Java\jre1.8.0_191\bin;C:\apache-maven-3.6.0\bin;C:\Users\Rajat.Gupta2\AppData\Local\Android\sdk\platform-tools;D:\MagicBricksVersion2.4\SikuliX\libs;C:\Users\Rajat.Gupta2\AppData\Local\Microsoft\WindowsApps;C:\Users\Rajat.Gupta2\AppData\Local\GitHubDesktop\bin;."/>
    <property name="java.vm.info" value="mixed mode"/>
    <property name="java.vendor" value="Oracle Corporation"/>
    <property name="java.vm.version" value="25.191-b12"/>
    <property name="java.ext.dirs" value="C:\Program Files\Java\jdk1.8.0_191\jre\lib\ext;C:\Windows\Sun\Java\lib\ext"/>
    <property name="sun.io.unicode.encoding" value="UnicodeLittle"/>
    <property name="java.class.version" value="52.0"/>
  </properties>
  <testcase name="bankManagerLoginTest" classname="com.rajat.Testcases.BankManagerLoginTest" time="0.213">
    <failure type="java.lang.AssertionError:">java.lang.AssertionError: null
	at com.rajat.Testcases.BankManagerLoginTest.bankManagerLoginTest(BankManagerLoginTest.java:28)
</failure>
    <system-out><![CDATA[chrome
******* On Test Start Execution Started********
Class Level Extent Object--->com.aventstack.extentreports.ExtentTest@4e517165
]]></system-out>
    <system-err><![CDATA[SLF4J: Failed to load class "org.slf4j.impl.StaticLoggerBinder".
SLF4J: Defaulting to no-operation (NOP) logger implementation
SLF4J: See http://www.slf4j.org/codes.html#StaticLoggerBinder for further details.
Jan 27, 2020 11:41:30 PM java.util.prefs.WindowsPreferences <init>
WARNING: Could not open/create prefs root node Software\JavaSoft\Prefs at root 0x80000002. Windows RegCreateKeyEx(...) returned error code 5.
1580148692205	mozrunner::runner	INFO	Running command: "C:\\Program Files (x86)\\Mozilla Firefox\\firefox.exe" "-marionette" "-foreground" "-no-remote" "-profile" "C:\\Users\\RAJAT~1.GUP\\AppData\\Local\\Temp\\rust_mozprofile3T12YS"
1580148692963	addons.webextension.doh-rollout@mozilla.org	WARN	Loading extension 'doh-rollout@mozilla.org': Reading manifest: Invalid extension permission: networkStatus
1580148693621	addons.webextension.screenshots@mozilla.org	WARN	Loading extension 'screenshots@mozilla.org': Reading manifest: Invalid extension permission: mozillaAddons
1580148693621	addons.webextension.screenshots@mozilla.org	WARN	Loading extension 'screenshots@mozilla.org': Reading manifest: Invalid extension permission: telemetry
1580148693622	addons.webextension.screenshots@mozilla.org	WARN	Loading extension 'screenshots@mozilla.org': Reading manifest: Invalid extension permission: resource://pdf.js/
1580148693623	addons.webextension.screenshots@mozilla.org	WARN	Loading extension 'screenshots@mozilla.org': Reading manifest: Invalid extension permission: about:reader*
JavaScript error: resource://gre/modules/XULStore.jsm, line 66: Error: Can't find profile directory.
1580148696208	Marionette	INFO	Listening on port 50001
1580148696564	Marionette	WARN	TLS certificate errors will be ignored for this session
Jan 27, 2020 11:41:36 PM org.openqa.selenium.remote.ProtocolHandshake createSession
INFO: Detected dialect: W3C
]]></system-err>
  </testcase>
  <testcase name="bankManagerLoginTestt" classname="com.rajat.Testcases.BankManagerLoginTest" time="0">
    <skipped message="Runmode is NO"/>
    <system-out><![CDATA[******* On Test Start Execution Started********
Class Level Extent Object--->com.aventstack.extentreports.ExtentTest@4e517165
]]></system-out>
  </testcase>
  <testcase name="addCustomerTest" classname="com.rajat.Testcases.AddCustomerTest" time="0.526"/>
  <testcase name="addCustomerTest" classname="com.rajat.Testcases.AddCustomerTest" time="0.515"/>
  <testcase name="addCustomerTest" classname="com.rajat.Testcases.AddCustomerTest" time="0">
    <skipped message="RunMode for this data provider is Off"/>
    <system-out><![CDATA[******* On Test Start Execution Started********
Class Level Extent Object--->com.aventstack.extentreports.ExtentTest@78aea4b9
]]></system-out>
  </testcase>
  <testcase name="addCustomerTest" classname="com.rajat.Testcases.AddCustomerTest" time="0">
    <skipped message="RunMode for this data provider is Off"/>
    <system-out><![CDATA[******* On Test Start Execution Started********
Class Level Extent Object--->com.aventstack.extentreports.ExtentTest@78aea4b9
]]></system-out>
  </testcase>
  <testcase name="addCustomerTest" classname="com.rajat.Testcases.AddCustomerTest" time="0.458"/>
  <testcase name="addCustomerTest" classname="com.rajat.Testcases.AddCustomerTest" time="0.549"/>
  <testcase name="openAccountTest" classname="com.rajat.Testcases.OpenAccountTest" time="1.803"/>
  <testcase name="addNewCustomerTest" classname="com.rajat.Testcases.AddNewCustomerTest" time="0.287"/>
  <testcase name="addNewCustomerTest" classname="com.rajat.Testcases.AddNewCustomerTest" time="0.647"/>
  <testcase name="addNewCustomerTest" classname="com.rajat.Testcases.AddNewCustomerTest" time="0.432"/>
  <testcase name="addNewCustomerTest" classname="com.rajat.Testcases.AddNewCustomerTest" time="0.468"/>
  <testcase name="addNewCustomerTest" classname="com.rajat.Testcases.AddNewCustomerTest" time="0.514"/>
  <testcase name="addNewCustomerTest" classname="com.rajat.Testcases.AddNewCustomerTest" time="0.432"/>
</testsuite>