<?xml version="1.0" encoding="UTF-8"?>
<!-- Generated by org.testng.reporters.JUnitReportReporter -->
<testsuite hostname="MBRLT00401" name="com.rajat.rough.SoftAssert" tests="1" failures="0" timestamp="19 Mar 2020 08:46:46 GMT" time="0.025" errors="0">
  <testcase name="doTest" time="0.025" classname="com.rajat.rough.SoftAssert"/>
</testsuite> <!-- com.rajat.rough.SoftAssert -->
