<?xml version="1.0" encoding="UTF-8"?>
<!-- Generated by org.testng.reporters.JUnitReportReporter -->
<testsuite hostname="MBRLT00401" name="com.rajat.Testcases.AddNewCustomerTest" tests="6" failures="0" timestamp="20 Feb 2020 06:01:59 GMT" time="2.358" errors="0">
  <testcase name="addNewCustomerTest" time="0.408" classname="com.rajat.Testcases.AddNewCustomerTest"/>
  <testcase name="addNewCustomerTest" time="0.379" classname="com.rajat.Testcases.AddNewCustomerTest"/>
  <testcase name="addNewCustomerTest" time="0.362" classname="com.rajat.Testcases.AddNewCustomerTest"/>
  <testcase name="addNewCustomerTest" time="0.357" classname="com.rajat.Testcases.AddNewCustomerTest"/>
  <testcase name="addNewCustomerTest" time="0.351" classname="com.rajat.Testcases.AddNewCustomerTest"/>
  <testcase name="addNewCustomerTest" time="0.501" classname="com.rajat.Testcases.AddNewCustomerTest"/>
</testsuite> <!-- com.rajat.Testcases.AddNewCustomerTest -->
