<?xml version="1.0" encoding="UTF-8"?>
<!-- Generated by org.testng.reporters.JUnitReportReporter -->
<testsuite hostname="MBRLT00401" name="com.rajat.Testcases.OpenAccountTest" tests="1" failures="0" timestamp="20 Feb 2020 06:01:59 GMT" time="0.891" errors="0">
  <testcase name="openAccountTest" time="0.891" classname="com.rajat.Testcases.OpenAccountTest"/>
</testsuite> <!-- com.rajat.Testcases.OpenAccountTest -->
