<?xml version="1.0" encoding="UTF-8"?>
<!-- Generated by org.testng.reporters.JUnitReportReporter -->
<testsuite hostname="MBRLT00401" name="com.rajat.Testcases.AddNewCustomerTest" tests="6" failures="0" timestamp="27 Jan 2020 18:11:58 GMT" time="2.783" errors="0">
  <testcase name="addNewCustomerTest" time="0.433" classname="com.rajat.Testcases.AddNewCustomerTest"/>
  <testcase name="addNewCustomerTest" time="0.646" classname="com.rajat.Testcases.AddNewCustomerTest"/>
  <testcase name="addNewCustomerTest" time="0.515" classname="com.rajat.Testcases.AddNewCustomerTest"/>
  <testcase name="addNewCustomerTest" time="0.433" classname="com.rajat.Testcases.AddNewCustomerTest"/>
  <testcase name="addNewCustomerTest" time="0.468" classname="com.rajat.Testcases.AddNewCustomerTest"/>
  <testcase name="addNewCustomerTest" time="0.288" classname="com.rajat.Testcases.AddNewCustomerTest"/>
</testsuite> <!-- com.rajat.Testcases.AddNewCustomerTest -->
