<?xml version="1.0" encoding="UTF-8"?>
<!-- Generated by org.testng.reporters.JUnitReportReporter -->
<testsuite hostname="MBRLT00401" name="com.rajat.Testcases.OpenAccountTest" tests="1" failures="0" timestamp="27 Jan 2020 18:11:58 GMT" time="1.804" errors="0">
  <testcase name="openAccountTest" time="1.804" classname="com.rajat.Testcases.OpenAccountTest"/>
</testsuite> <!-- com.rajat.Testcases.OpenAccountTest -->
